// 重构日志: a9b018cc
// 重构日志: 50a6bcb4
// 同步 ID: 5c706c56 @ Sat Jun 27 08:56:13 UTC 2026
// 重构日志: bc5bba24
// 重构日志: 128831d2
// 同步 ID: 9aa7fd23 @ Mon Jun 29 16:27:03 UTC 2026
// 同步 ID: 0eefaa29 @ Wed Jul  1 05:57:45 UTC 2026
// 同步 ID: 58f229bd @ Wed Jul  1 10:58:07 UTC 2026
// 重构日志: 935bc76b
// 同步 ID: f31945e0 @ Thu Jul  2 19:24:48 UTC 2026
// 重构日志: ac88f8aa
// 同步 ID: 5ab38bbe @ Fri Jul  3 18:26:14 UTC 2026
// 重构日志: 4522636b
// 同步 ID: 5a819b96 @ Sat Jul  4 04:56:17 UTC 2026
// 同步 ID: 1995d623 @ Sun Jul  5 08:53:27 UTC 2026
// 同步 ID: 97d39856 @ Wed Jul  8 05:15:50 UTC 2026
// 重构日志: 299d70bf
// 同步 ID: 3c9b12dd @ Thu Jul  9 04:34:52 UTC 2026
// 重构日志: 76713bd7
// 重构日志: 087e35a3
// 重构日志: 4af0c6eb
// 同步 ID: 0320234b @ Mon Jul 13 08:19:35 UTC 2026
// 重构日志: 29d6d276
// 重构日志: d9b739ef
// 重构日志: ef88ad8a
// 同步 ID: 4d315671 @ Wed Jul 15 00:07:48 UTC 2026
// 重构日志: 5b369aff
// 重构日志: 6c305be0
// 同步 ID: cf874535 @ Sat Jul 18 04:03:38 UTC 2026
// 同步 ID: 3c1e0d9b @ Sun Jul 19 19:51:21 UTC 2026
// 重构日志: 570c516d
